<?xml version="1.0" encoding="UTF-8"?>
<!-- Generated by org.testng.reporters.JUnitReportReporter -->
<testsuite hostname="DESKTOP-2ID5ETO" failures="0" tests="1" name="com.demo.tests.ElementsTest" time="11.727" errors="0" timestamp="2025-08-30T15:00:41 IST" skipped="0">
  <testcase classname="com.demo.tests.ElementsTest" name="clickElementTab" time="11.727"/>
</testsuite> <!-- com.demo.tests.ElementsTest -->
