<?xml version="1.0" encoding="UTF-8"?>
<!-- Generated by org.testng.reporters.JUnitReportReporter -->
<testsuite hostname="DESKTOP-2ID5ETO" failures="0" tests="2" name="com.demo.tests.RadioButtonTest" time="35.096" errors="0" timestamp="2025-08-31T11:34:36 IST" skipped="0">
  <testcase classname="com.demo.tests.RadioButtonTest" name="clickRadioBtn" time="19.793"/>
  <testcase classname="com.demo.tests.RadioButtonTest" name="clickRadioBtn" time="15.303"/>
</testsuite> <!-- com.demo.tests.RadioButtonTest -->
