<?xml version="1.0" encoding="UTF-8"?>
<!-- Generated by org.testng.reporters.JUnitReportReporter -->
<testsuite hostname="DESKTOP-2ID5ETO" failures="0" tests="1" name="com.demo.tests.TextBoxTest" time="144.552" errors="0" timestamp="2025-08-24T20:05:20 IST" skipped="0">
  <testcase classname="com.demo.tests.TextBoxTest" name="fillUserInfo" time="144.552"/>
</testsuite> <!-- com.demo.tests.TextBoxTest -->
