<?xml version="1.0" encoding="UTF-8"?>
<!-- Generated by org.testng.reporters.JUnitReportReporter -->
<testsuite hostname="DESKTOP-2ID5ETO" failures="0" tests="2" name="com.demo.tests.WebTableTest" time="64.391" errors="0" timestamp="2025-08-31T11:34:36 IST" skipped="0">
  <testcase classname="com.demo.tests.WebTableTest" name="addUserInfo" time="18.761"/>
  <testcase classname="com.demo.tests.WebTableTest" name="addUserInfo" time="45.630"/>
</testsuite> <!-- com.demo.tests.WebTableTest -->
