<?xml version="1.0" encoding="UTF-8"?>
<!-- Generated by org.testng.reporters.JUnitReportReporter -->
<testsuite hostname="DESKTOP-2ID5ETO" failures="0" tests="2" name="com.demo.tests.RadioButtonTest" time="41.318" errors="0" timestamp="2025-08-30T15:00:41 IST" skipped="0">
  <testcase classname="com.demo.tests.RadioButtonTest" name="clickRadioBtn" time="18.897"/>
  <testcase classname="com.demo.tests.RadioButtonTest" name="clickRadioBtn" time="22.421"/>
</testsuite> <!-- com.demo.tests.RadioButtonTest -->
